2021-02-23 21:19:23.367  INFO 80094 --- [main] c.c.calculator.CalculatorApplication     : Starting CalculatorApplication using Java 15.0.1 on Inercios-MacBook-Pro.local with PID 80094 (/Users/inerciobelton/IdeaProjects/Rest Calculator/calculator/out/production/classes started by inerciobelton in /Users/inerciobelton/IdeaProjects/Rest Calculator)
2021-02-23 21:19:23.440  INFO 80094 --- [main] c.c.calculator.CalculatorApplication     : No active profile set, falling back to default profiles: default
2021-02-23 21:19:25.096  INFO 80094 --- [main] o.s.b.w.embedded.tomcat.TomcatWebServer  : Tomcat initialized with port(s): 9085 (http)
2021-02-23 21:19:25.106  INFO 80094 --- [main] o.apache.catalina.core.StandardService   : Starting service [Tomcat]
2021-02-23 21:19:25.106  INFO 80094 --- [main] org.apache.catalina.core.StandardEngine  : Starting Servlet engine: [Apache Tomcat/9.0.43]
2021-02-23 21:19:25.174  INFO 80094 --- [main] o.a.c.c.C.[Tomcat].[localhost].[/]       : Initializing Spring embedded WebApplicationContext
2021-02-23 21:19:25.175  INFO 80094 --- [main] w.s.c.ServletWebServerApplicationContext : Root WebApplicationContext: initialization completed in 1617 ms
2021-02-23 21:19:25.688  INFO 80094 --- [main] o.s.s.concurrent.ThreadPoolTaskExecutor  : Initializing ExecutorService 'applicationTaskExecutor'
2021-02-23 21:19:25.819  WARN 80094 --- [main] ion$DefaultTemplateResolverConfiguration : Cannot find template location: classpath:/templates/ (please add some templates or check your Thymeleaf configuration)
2021-02-23 21:19:25.974  INFO 80094 --- [main] o.s.b.w.embedded.tomcat.TomcatWebServer  : Tomcat started on port(s): 9085 (http) with context path ''
2021-02-23 21:19:25.983  INFO 80094 --- [main] o.s.a.r.c.CachingConnectionFactory       : Attempting to connect to: [localhost:5672]
2021-02-23 21:19:26.038  INFO 80094 --- [main] o.s.a.r.c.CachingConnectionFactory       : Created new connection: rabbitConnectionFactory#80bfdc6:0/SimpleConnection@58253c57 [delegate=amqp://guest@127.0.0.1:5672/, localPort= 53991]
2021-02-23 21:19:26.127  INFO 80094 --- [main] c.c.calculator.CalculatorApplication     : Started CalculatorApplication in 3.48 seconds (JVM running for 4.764)
2021-02-23 21:19:26.182  INFO 80094 --- [org.springframework.amqp.rabbit.RabbitListenerEndpointContainer#0-1] c.c.c.r.ResultConsumer                   : Received operation is: Operation{operationType=sum, firstValue=1.0, secondValue=3.0, result=4}
2021-02-23 21:19:26.185  INFO 80094 --- [org.springframework.amqp.rabbit.RabbitListenerEndpointContainer#0-1] c.c.c.r.ResultConsumer                   : Received operation is: Operation{operationType=sub, firstValue=3.0, secondValue=3.0, result=0}
2021-02-23 21:19:26.187  INFO 80094 --- [org.springframework.amqp.rabbit.RabbitListenerEndpointContainer#0-1] c.c.c.r.ResultConsumer                   : Received operation is: Operation{operationType=sum, firstValue=2.0, secondValue=2.0, result=4}
2021-02-23 21:19:26.189  INFO 80094 --- [org.springframework.amqp.rabbit.RabbitListenerEndpointContainer#0-1] c.c.c.r.ResultConsumer                   : Received operation is: Operation{operationType=sum, firstValue=1.0, secondValue=2.0, result=3}
2021-02-23 21:19:26.191  INFO 80094 --- [org.springframework.amqp.rabbit.RabbitListenerEndpointContainer#0-1] c.c.c.r.ResultConsumer                   : Received operation is: Operation{operationType=sum, firstValue=1.0, secondValue=9.0, result=10}
2021-02-23 21:19:26.193  INFO 80094 --- [org.springframework.amqp.rabbit.RabbitListenerEndpointContainer#0-1] c.c.c.r.ResultConsumer                   : Received operation is: Operation{operationType=pro, firstValue=1.0, secondValue=9.0, result=9}
2021-02-23 21:19:26.194  INFO 80094 --- [org.springframework.amqp.rabbit.RabbitListenerEndpointContainer#0-1] c.c.c.r.ResultConsumer                   : Received operation is: Operation{operationType=pro, firstValue=1.0, secondValue=9.0, result=9}
2021-02-23 21:19:26.197  INFO 80094 --- [org.springframework.amqp.rabbit.RabbitListenerEndpointContainer#0-1] c.c.c.r.ResultConsumer                   : Received operation is: Operation{operationType=pro, firstValue=1.0, secondValue=9.0, result=9}
2021-02-23 21:19:26.199  INFO 80094 --- [org.springframework.amqp.rabbit.RabbitListenerEndpointContainer#0-1] c.c.c.r.ResultConsumer                   : Received operation is: Operation{operationType=pro, firstValue=1.0, secondValue=9.0, result=9}
2021-02-23 21:19:26.201  INFO 80094 --- [org.springframework.amqp.rabbit.RabbitListenerEndpointContainer#0-1] c.c.c.r.ResultConsumer                   : Received operation is: Operation{operationType=pro, firstValue=1.0, secondValue=9.0, result=9}
2021-02-23 21:19:26.204  INFO 80094 --- [org.springframework.amqp.rabbit.RabbitListenerEndpointContainer#0-1] c.c.c.r.ResultConsumer                   : Received operation is: Operation{operationType=pro, firstValue=1.0, secondValue=11.0, result=11}
2021-02-23 21:19:26.208  INFO 80094 --- [org.springframework.amqp.rabbit.RabbitListenerEndpointContainer#0-1] c.c.c.r.ResultConsumer                   : Received operation is: Operation{operationType=sum, firstValue=1.0, secondValue=3.0, result=4}
2021-02-23 21:19:26.211  INFO 80094 --- [org.springframework.amqp.rabbit.RabbitListenerEndpointContainer#0-1] c.c.c.r.ResultConsumer                   : Received operation is: Operation{operationType=sudivm, firstValue=1.0, secondValue=3.0, result=0}
2021-02-23 21:19:26.219  INFO 80094 --- [org.springframework.amqp.rabbit.RabbitListenerEndpointContainer#0-1] c.c.c.r.ResultConsumer                   : Received operation is: Operation{operationType=div, firstValue=1.0, secondValue=3.0, result=0.3333333333333333333333333333333333}
2021-02-23 21:19:26.221  INFO 80094 --- [org.springframework.amqp.rabbit.RabbitListenerEndpointContainer#0-1] c.c.c.r.ResultConsumer                   : Received operation is: Operation{operationType=sum, firstValue=6.0, secondValue=45.0, result=51}
2021-02-23 21:19:26.234  INFO 80094 --- [org.springframework.amqp.rabbit.RabbitListenerEndpointContainer#0-1] c.c.c.r.ResultConsumer                   : Received operation is: Operation{operationType=pro, firstValue=6.0, secondValue=45.0, result=270}
2021-02-23 21:19:26.240  INFO 80094 --- [org.springframework.amqp.rabbit.RabbitListenerEndpointContainer#0-1] c.c.c.r.ResultConsumer                   : Received operation is: Operation{operationType=div, firstValue=6.0, secondValue=45.0, result=0.1333333333333333333333333333333333}
2021-02-23 21:19:26.243  INFO 80094 --- [org.springframework.amqp.rabbit.RabbitListenerEndpointContainer#0-1] c.c.c.r.ResultConsumer                   : Received operation is: Operation{operationType=sum, firstValue=6.0, secondValue=45.0, result=51}
2021-02-23 21:19:26.245  INFO 80094 --- [org.springframework.amqp.rabbit.RabbitListenerEndpointContainer#0-1] c.c.c.r.ResultConsumer                   : Received operation is: Operation{operationType=sum, firstValue=2.0, secondValue=-5.0, result=-3}
2021-02-23 21:19:26.247  INFO 80094 --- [org.springframework.amqp.rabbit.RabbitListenerEndpointContainer#0-1] c.c.c.r.ResultConsumer                   : Received operation is: Operation{operationType=sub, firstValue=2.0, secondValue=-5.0, result=7}
2021-02-23 21:19:26.251  INFO 80094 --- [org.springframework.amqp.rabbit.RabbitListenerEndpointContainer#0-1] c.c.c.r.ResultConsumer                   : Received operation is: Operation{operationType=pro, firstValue=2.0, secondValue=-5.0, result=-10}
2021-02-23 21:19:26.256  INFO 80094 --- [org.springframework.amqp.rabbit.RabbitListenerEndpointContainer#0-1] c.c.c.r.ResultConsumer                   : Received operation is: Operation{operationType=div, firstValue=2.0, secondValue=-5.0, result=-0.4}
2021-02-23 21:19:34.293  INFO 80094 --- [org.springframework.amqp.rabbit.RabbitListenerEndpointContainer#0-1] c.c.c.r.ResultConsumer                   : Received operation is: Operation{operationType=sum, firstValue=3.0, secondValue=3.0, result=6}
2021-02-23 21:19:54.797  INFO 80094 --- [org.springframework.amqp.rabbit.RabbitListenerEndpointContainer#0-1] c.c.c.r.ResultConsumer                   : Received operation is: Operation{operationType=sum, firstValue=3.0, secondValue=3.0, result=6}
2021-02-23 21:22:10.697  INFO 80094 --- [org.springframework.amqp.rabbit.RabbitListenerEndpointContainer#0-1] c.c.c.r.ResultConsumer                   : Received operation is: Operation{operationType=sum, firstValue=3.0, secondValue=3.0, result=6}
2021-02-23 21:33:18.631  INFO 80094 --- [SpringContextShutdownHook] o.s.a.r.l.SimpleMessageListenerContainer : Waiting for workers to finish.
2021-02-23 21:33:19.339  INFO 80094 --- [SpringContextShutdownHook] o.s.a.r.l.SimpleMessageListenerContainer : Successfully waited for workers to finish.
2021-02-23 21:33:19.426  INFO 80094 --- [SpringContextShutdownHook] o.s.a.r.l.SimpleMessageListenerContainer : Shutdown ignored - container is not active already
2021-02-23 21:33:19.438  INFO 80094 --- [SpringContextShutdownHook] o.s.s.concurrent.ThreadPoolTaskExecutor  : Shutting down ExecutorService 'applicationTaskExecutor'
2021-02-23 21:33:56.461  INFO 83158 --- [main] c.c.calculator.CalculatorApplication     : Starting CalculatorApplication using Java 15.0.1 on Inercios-MacBook-Pro.local with PID 83158 (/Users/inerciobelton/IdeaProjects/Rest Calculator/calculator/out/production/classes started by inerciobelton in /Users/inerciobelton/IdeaProjects/Rest Calculator)
2021-02-23 21:33:56.534  INFO 83158 --- [main] c.c.calculator.CalculatorApplication     : No active profile set, falling back to default profiles: default
2021-02-23 21:34:02.694  INFO 83158 --- [main] o.s.b.w.embedded.tomcat.TomcatWebServer  : Tomcat initialized with port(s): 9085 (http)
2021-02-23 21:34:02.734  INFO 83158 --- [main] o.apache.catalina.core.StandardService   : Starting service [Tomcat]
2021-02-23 21:34:02.735  INFO 83158 --- [main] org.apache.catalina.core.StandardEngine  : Starting Servlet engine: [Apache Tomcat/9.0.43]
2021-02-23 21:34:02.963  INFO 83158 --- [main] o.a.c.c.C.[Tomcat].[localhost].[/]       : Initializing Spring embedded WebApplicationContext
2021-02-23 21:34:02.965  INFO 83158 --- [main] w.s.c.ServletWebServerApplicationContext : Root WebApplicationContext: initialization completed in 5939 ms
2021-02-23 21:34:05.278  INFO 83158 --- [main] o.s.s.concurrent.ThreadPoolTaskExecutor  : Initializing ExecutorService 'applicationTaskExecutor'
2021-02-23 21:34:05.713  WARN 83158 --- [main] ion$DefaultTemplateResolverConfiguration : Cannot find template location: classpath:/templates/ (please add some templates or check your Thymeleaf configuration)
2021-02-23 21:34:06.425  INFO 83158 --- [main] o.s.b.w.embedded.tomcat.TomcatWebServer  : Tomcat started on port(s): 9085 (http) with context path ''
2021-02-23 21:34:06.439  INFO 83158 --- [main] o.s.a.r.c.CachingConnectionFactory       : Attempting to connect to: [localhost:5672]
2021-02-23 21:34:06.572  INFO 83158 --- [main] o.s.a.r.c.CachingConnectionFactory       : Created new connection: rabbitConnectionFactory#561b61ed:0/SimpleConnection@3e1fd62b [delegate=amqp://guest@127.0.0.1:5672/, localPort= 54224]
2021-02-23 21:34:06.760  INFO 83158 --- [main] c.c.calculator.CalculatorApplication     : Started CalculatorApplication in 13.982 seconds (JVM running for 22.04)
2021-02-23 21:34:09.744  WARN 83158 --- [org.springframework.amqp.rabbit.RabbitListenerEndpointContainer#0-1] s.a.r.l.ConditionalRejectingErrorHandler : Execution of Rabbit message listener failed.

org.springframework.amqp.rabbit.support.ListenerExecutionFailedException: Listener threw exception
	at org.springframework.amqp.rabbit.listener.AbstractMessageListenerContainer.wrapToListenerExecutionFailedExceptionIfNeeded(AbstractMessageListenerContainer.java:1746) ~[spring-rabbit-2.3.5.jar:2.3.5]
	at org.springframework.amqp.rabbit.listener.AbstractMessageListenerContainer.doInvokeListener(AbstractMessageListenerContainer.java:1636) ~[spring-rabbit-2.3.5.jar:2.3.5]
	at org.springframework.amqp.rabbit.listener.AbstractMessageListenerContainer.actualInvokeListener(AbstractMessageListenerContainer.java:1551) ~[spring-rabbit-2.3.5.jar:2.3.5]
	at org.springframework.amqp.rabbit.listener.AbstractMessageListenerContainer.invokeListener(AbstractMessageListenerContainer.java:1539) ~[spring-rabbit-2.3.5.jar:2.3.5]
	at org.springframework.amqp.rabbit.listener.AbstractMessageListenerContainer.doExecuteListener(AbstractMessageListenerContainer.java:1530) ~[spring-rabbit-2.3.5.jar:2.3.5]
	at org.springframework.amqp.rabbit.listener.AbstractMessageListenerContainer.executeListener(AbstractMessageListenerContainer.java:1474) ~[spring-rabbit-2.3.5.jar:2.3.5]
	at org.springframework.amqp.rabbit.listener.SimpleMessageListenerContainer.doReceiveAndExecute(SimpleMessageListenerContainer.java:967) ~[spring-rabbit-2.3.5.jar:2.3.5]
	at org.springframework.amqp.rabbit.listener.SimpleMessageListenerContainer.receiveAndExecute(SimpleMessageListenerContainer.java:913) ~[spring-rabbit-2.3.5.jar:2.3.5]
	at org.springframework.amqp.rabbit.listener.SimpleMessageListenerContainer.access$1600(SimpleMessageListenerContainer.java:83) ~[spring-rabbit-2.3.5.jar:2.3.5]
	at org.springframework.amqp.rabbit.listener.SimpleMessageListenerContainer$AsyncMessageProcessingConsumer.mainLoop(SimpleMessageListenerContainer.java:1288) ~[spring-rabbit-2.3.5.jar:2.3.5]
	at org.springframework.amqp.rabbit.listener.SimpleMessageListenerContainer$AsyncMessageProcessingConsumer.run(SimpleMessageListenerContainer.java:1194) ~[spring-rabbit-2.3.5.jar:2.3.5]
	at java.base/java.lang.Thread.run(Thread.java:832) ~[na:na]
Caused by: org.springframework.amqp.support.converter.MessageConversionException: Failed to convert Message content
	at org.springframework.amqp.support.converter.AbstractJackson2MessageConverter.doFromMessage(AbstractJackson2MessageConverter.java:294) ~[spring-amqp-2.3.5.jar:2.3.5]
	at org.springframework.amqp.support.converter.AbstractJackson2MessageConverter.fromMessage(AbstractJackson2MessageConverter.java:271) ~[spring-amqp-2.3.5.jar:2.3.5]
	at org.springframework.amqp.support.converter.AbstractJackson2MessageConverter.fromMessage(AbstractJackson2MessageConverter.java:251) ~[spring-amqp-2.3.5.jar:2.3.5]
	at org.springframework.amqp.rabbit.listener.adapter.AbstractAdaptableMessageListener.extractMessage(AbstractAdaptableMessageListener.java:342) ~[spring-rabbit-2.3.5.jar:2.3.5]
	at org.springframework.amqp.rabbit.listener.adapter.MessagingMessageListenerAdapter$MessagingMessageConverterAdapter.extractPayload(MessagingMessageListenerAdapter.java:325) ~[spring-rabbit-2.3.5.jar:2.3.5]
	at org.springframework.amqp.support.converter.MessagingMessageConverter.fromMessage(MessagingMessageConverter.java:132) ~[spring-amqp-2.3.5.jar:2.3.5]
	at org.springframework.amqp.rabbit.listener.adapter.MessagingMessageListenerAdapter.toMessagingMessage(MessagingMessageListenerAdapter.java:207) ~[spring-rabbit-2.3.5.jar:2.3.5]
	at org.springframework.amqp.rabbit.listener.adapter.MessagingMessageListenerAdapter.onMessage(MessagingMessageListenerAdapter.java:134) ~[spring-rabbit-2.3.5.jar:2.3.5]
	at org.springframework.amqp.rabbit.listener.AbstractMessageListenerContainer.doInvokeListener(AbstractMessageListenerContainer.java:1632) ~[spring-rabbit-2.3.5.jar:2.3.5]
	... 10 common frames omitted
Caused by: com.fasterxml.jackson.databind.exc.MismatchedInputException: Cannot construct instance of `com.calculator.calculator.model.Operation` (although at least one Creator exists): no String-argument constructor/factory method to deserialize from String value ('Response => date= Tue Feb 23 21:34:09 CAT 2021 headers[status:"200", identficador= "00000177-d062-7438-0000-0177d0627438"];payload=0.3333333333333333333333333333333333')
 at [Source: (String)""Response => date= Tue Feb 23 21:34:09 CAT 2021 headers[status:\"200\", identficador= \"00000177-d062-7438-0000-0177d0627438\"];payload=0.3333333333333333333333333333333333""; line: 1, column: 1]
	at com.fasterxml.jackson.databind.exc.MismatchedInputException.from(MismatchedInputException.java:63) ~[jackson-databind-2.11.4.jar:2.11.4]
	at com.fasterxml.jackson.databind.DeserializationContext.reportInputMismatch(DeserializationContext.java:1455) ~[jackson-databind-2.11.4.jar:2.11.4]
	at com.fasterxml.jackson.databind.DeserializationContext.handleMissingInstantiator(DeserializationContext.java:1081) ~[jackson-databind-2.11.4.jar:2.11.4]
	at com.fasterxml.jackson.databind.deser.ValueInstantiator._createFromStringFallbacks(ValueInstantiator.java:371) ~[jackson-databind-2.11.4.jar:2.11.4]
	at com.fasterxml.jackson.databind.deser.std.StdValueInstantiator.createFromString(StdValueInstantiator.java:323) ~[jackson-databind-2.11.4.jar:2.11.4]
	at com.fasterxml.jackson.databind.deser.BeanDeserializerBase.deserializeFromString(BeanDeserializerBase.java:1408) ~[jackson-databind-2.11.4.jar:2.11.4]
	at com.fasterxml.jackson.databind.deser.BeanDeserializer._deserializeOther(BeanDeserializer.java:176) ~[jackson-databind-2.11.4.jar:2.11.4]
	at com.fasterxml.jackson.databind.deser.BeanDeserializer.deserialize(BeanDeserializer.java:166) ~[jackson-databind-2.11.4.jar:2.11.4]
	at com.fasterxml.jackson.databind.ObjectMapper._readMapAndClose(ObjectMapper.java:4526) ~[jackson-databind-2.11.4.jar:2.11.4]
	at com.fasterxml.jackson.databind.ObjectMapper.readValue(ObjectMapper.java:3468) ~[jackson-databind-2.11.4.jar:2.11.4]
	at org.springframework.amqp.support.converter.AbstractJackson2MessageConverter.convertBytesToObject(AbstractJackson2MessageConverter.java:351) ~[spring-amqp-2.3.5.jar:2.3.5]
	at org.springframework.amqp.support.converter.AbstractJackson2MessageConverter.convertContent(AbstractJackson2MessageConverter.java:321) ~[spring-amqp-2.3.5.jar:2.3.5]
	at org.springframework.amqp.support.converter.AbstractJackson2MessageConverter.doFromMessage(AbstractJackson2MessageConverter.java:291) ~[spring-amqp-2.3.5.jar:2.3.5]
	... 18 common frames omitted

2021-02-23 21:34:09.751  WARN 83158 --- [org.springframework.amqp.rabbit.RabbitListenerEndpointContainer#0-1] ingErrorHandler$DefaultExceptionStrategy : Fatal message conversion error; message rejected; it will be dropped or routed to a dead letter exchange, if so configured: (Body:'"Response => date= Tue Feb 23 21:34:09 CAT 2021 headers[status:\"200\", identficador= \"00000177-d062-7438-0000-0177d0627438\"];payload=0.3333333333333333333333333333333333"' MessageProperties [headers={__TypeId__=java.lang.String}, contentType=application/json, contentEncoding=UTF-8, contentLength=0, receivedDeliveryMode=PERSISTENT, priority=0, redelivered=false, receivedExchange=calculator, receivedRoutingKey=wit, deliveryTag=1, consumerTag=amq.ctag-fN1rZsiGPPqEieaI-veqtQ, consumerQueue=operation])
2021-02-23 21:34:09.763 ERROR 83158 --- [org.springframework.amqp.rabbit.RabbitListenerEndpointContainer#0-1] o.s.a.r.l.SimpleMessageListenerContainer : Execution of Rabbit message listener failed, and the error handler threw an exception

org.springframework.amqp.AmqpRejectAndDontRequeueException: Error Handler converted exception to fatal
	at org.springframework.amqp.rabbit.listener.ConditionalRejectingErrorHandler.handleError(ConditionalRejectingErrorHandler.java:146) ~[spring-rabbit-2.3.5.jar:2.3.5]
	at org.springframework.amqp.rabbit.listener.AbstractMessageListenerContainer.invokeErrorHandler(AbstractMessageListenerContainer.java:1436) ~[spring-rabbit-2.3.5.jar:2.3.5]
	at org.springframework.amqp.rabbit.listener.AbstractMessageListenerContainer.handleListenerException(AbstractMessageListenerContainer.java:1720) ~[spring-rabbit-2.3.5.jar:2.3.5]
	at org.springframework.amqp.rabbit.listener.AbstractMessageListenerContainer.executeListener(AbstractMessageListenerContainer.java:1495) ~[spring-rabbit-2.3.5.jar:2.3.5]
	at org.springframework.amqp.rabbit.listener.SimpleMessageListenerContainer.doReceiveAndExecute(SimpleMessageListenerContainer.java:967) ~[spring-rabbit-2.3.5.jar:2.3.5]
	at org.springframework.amqp.rabbit.listener.SimpleMessageListenerContainer.receiveAndExecute(SimpleMessageListenerContainer.java:913) ~[spring-rabbit-2.3.5.jar:2.3.5]
	at org.springframework.amqp.rabbit.listener.SimpleMessageListenerContainer.access$1600(SimpleMessageListenerContainer.java:83) ~[spring-rabbit-2.3.5.jar:2.3.5]
	at org.springframework.amqp.rabbit.listener.SimpleMessageListenerContainer$AsyncMessageProcessingConsumer.mainLoop(SimpleMessageListenerContainer.java:1288) ~[spring-rabbit-2.3.5.jar:2.3.5]
	at org.springframework.amqp.rabbit.listener.SimpleMessageListenerContainer$AsyncMessageProcessingConsumer.run(SimpleMessageListenerContainer.java:1194) ~[spring-rabbit-2.3.5.jar:2.3.5]
	at java.base/java.lang.Thread.run(Thread.java:832) ~[na:na]
Caused by: org.springframework.amqp.rabbit.support.ListenerExecutionFailedException: Listener threw exception
	at org.springframework.amqp.rabbit.listener.AbstractMessageListenerContainer.wrapToListenerExecutionFailedExceptionIfNeeded(AbstractMessageListenerContainer.java:1746) ~[spring-rabbit-2.3.5.jar:2.3.5]
	at org.springframework.amqp.rabbit.listener.AbstractMessageListenerContainer.doInvokeListener(AbstractMessageListenerContainer.java:1636) ~[spring-rabbit-2.3.5.jar:2.3.5]
	at org.springframework.amqp.rabbit.listener.AbstractMessageListenerContainer.actualInvokeListener(AbstractMessageListenerContainer.java:1551) ~[spring-rabbit-2.3.5.jar:2.3.5]
	at org.springframework.amqp.rabbit.listener.AbstractMessageListenerContainer.invokeListener(AbstractMessageListenerContainer.java:1539) ~[spring-rabbit-2.3.5.jar:2.3.5]
	at org.springframework.amqp.rabbit.listener.AbstractMessageListenerContainer.doExecuteListener(AbstractMessageListenerContainer.java:1530) ~[spring-rabbit-2.3.5.jar:2.3.5]
	at org.springframework.amqp.rabbit.listener.AbstractMessageListenerContainer.executeListener(AbstractMessageListenerContainer.java:1474) ~[spring-rabbit-2.3.5.jar:2.3.5]
	... 6 common frames omitted
Caused by: org.springframework.amqp.support.converter.MessageConversionException: Failed to convert Message content
	at org.springframework.amqp.support.converter.AbstractJackson2MessageConverter.doFromMessage(AbstractJackson2MessageConverter.java:294) ~[spring-amqp-2.3.5.jar:2.3.5]
	at org.springframework.amqp.support.converter.AbstractJackson2MessageConverter.fromMessage(AbstractJackson2MessageConverter.java:271) ~[spring-amqp-2.3.5.jar:2.3.5]
	at org.springframework.amqp.support.converter.AbstractJackson2MessageConverter.fromMessage(AbstractJackson2MessageConverter.java:251) ~[spring-amqp-2.3.5.jar:2.3.5]
	at org.springframework.amqp.rabbit.listener.adapter.AbstractAdaptableMessageListener.extractMessage(AbstractAdaptableMessageListener.java:342) ~[spring-rabbit-2.3.5.jar:2.3.5]
	at org.springframework.amqp.rabbit.listener.adapter.MessagingMessageListenerAdapter$MessagingMessageConverterAdapter.extractPayload(MessagingMessageListenerAdapter.java:325) ~[spring-rabbit-2.3.5.jar:2.3.5]
	at org.springframework.amqp.support.converter.MessagingMessageConverter.fromMessage(MessagingMessageConverter.java:132) ~[spring-amqp-2.3.5.jar:2.3.5]
	at org.springframework.amqp.rabbit.listener.adapter.MessagingMessageListenerAdapter.toMessagingMessage(MessagingMessageListenerAdapter.java:207) ~[spring-rabbit-2.3.5.jar:2.3.5]
	at org.springframework.amqp.rabbit.listener.adapter.MessagingMessageListenerAdapter.onMessage(MessagingMessageListenerAdapter.java:134) ~[spring-rabbit-2.3.5.jar:2.3.5]
	at org.springframework.amqp.rabbit.listener.AbstractMessageListenerContainer.doInvokeListener(AbstractMessageListenerContainer.java:1632) ~[spring-rabbit-2.3.5.jar:2.3.5]
	... 10 common frames omitted
Caused by: com.fasterxml.jackson.databind.exc.MismatchedInputException: Cannot construct instance of `com.calculator.calculator.model.Operation` (although at least one Creator exists): no String-argument constructor/factory method to deserialize from String value ('Response => date= Tue Feb 23 21:34:09 CAT 2021 headers[status:"200", identficador= "00000177-d062-7438-0000-0177d0627438"];payload=0.3333333333333333333333333333333333')
 at [Source: (String)""Response => date= Tue Feb 23 21:34:09 CAT 2021 headers[status:\"200\", identficador= \"00000177-d062-7438-0000-0177d0627438\"];payload=0.3333333333333333333333333333333333""; line: 1, column: 1]
	at com.fasterxml.jackson.databind.exc.MismatchedInputException.from(MismatchedInputException.java:63) ~[jackson-databind-2.11.4.jar:2.11.4]
	at com.fasterxml.jackson.databind.DeserializationContext.reportInputMismatch(DeserializationContext.java:1455) ~[jackson-databind-2.11.4.jar:2.11.4]
	at com.fasterxml.jackson.databind.DeserializationContext.handleMissingInstantiator(DeserializationContext.java:1081) ~[jackson-databind-2.11.4.jar:2.11.4]
	at com.fasterxml.jackson.databind.deser.ValueInstantiator._createFromStringFallbacks(ValueInstantiator.java:371) ~[jackson-databind-2.11.4.jar:2.11.4]
	at com.fasterxml.jackson.databind.deser.std.StdValueInstantiator.createFromString(StdValueInstantiator.java:323) ~[jackson-databind-2.11.4.jar:2.11.4]
	at com.fasterxml.jackson.databind.deser.BeanDeserializerBase.deserializeFromString(BeanDeserializerBase.java:1408) ~[jackson-databind-2.11.4.jar:2.11.4]
	at com.fasterxml.jackson.databind.deser.BeanDeserializer._deserializeOther(BeanDeserializer.java:176) ~[jackson-databind-2.11.4.jar:2.11.4]
	at com.fasterxml.jackson.databind.deser.BeanDeserializer.deserialize(BeanDeserializer.java:166) ~[jackson-databind-2.11.4.jar:2.11.4]
	at com.fasterxml.jackson.databind.ObjectMapper._readMapAndClose(ObjectMapper.java:4526) ~[jackson-databind-2.11.4.jar:2.11.4]
	at com.fasterxml.jackson.databind.ObjectMapper.readValue(ObjectMapper.java:3468) ~[jackson-databind-2.11.4.jar:2.11.4]
	at org.springframework.amqp.support.converter.AbstractJackson2MessageConverter.convertBytesToObject(AbstractJackson2MessageConverter.java:351) ~[spring-amqp-2.3.5.jar:2.3.5]
	at org.springframework.amqp.support.converter.AbstractJackson2MessageConverter.convertContent(AbstractJackson2MessageConverter.java:321) ~[spring-amqp-2.3.5.jar:2.3.5]
	at org.springframework.amqp.support.converter.AbstractJackson2MessageConverter.doFromMessage(AbstractJackson2MessageConverter.java:291) ~[spring-amqp-2.3.5.jar:2.3.5]
	... 18 common frames omitted

2021-02-23 21:35:08.499  INFO 83158 --- [SpringContextShutdownHook] o.s.a.r.l.SimpleMessageListenerContainer : Waiting for workers to finish.
2021-02-23 21:35:08.906  INFO 83158 --- [SpringContextShutdownHook] o.s.a.r.l.SimpleMessageListenerContainer : Successfully waited for workers to finish.
2021-02-23 21:35:08.946  INFO 83158 --- [SpringContextShutdownHook] o.s.a.r.l.SimpleMessageListenerContainer : Shutdown ignored - container is not active already
2021-02-23 21:35:08.947  INFO 83158 --- [SpringContextShutdownHook] o.s.s.concurrent.ThreadPoolTaskExecutor  : Shutting down ExecutorService 'applicationTaskExecutor'
2021-02-23 21:35:33.107  INFO 83513 --- [main] c.c.calculator.CalculatorApplication     : Starting CalculatorApplication using Java 15.0.1 on Inercios-MacBook-Pro.local with PID 83513 (/Users/inerciobelton/IdeaProjects/Rest Calculator/calculator/out/production/classes started by inerciobelton in /Users/inerciobelton/IdeaProjects/Rest Calculator)
2021-02-23 21:35:33.116  INFO 83513 --- [main] c.c.calculator.CalculatorApplication     : No active profile set, falling back to default profiles: default
2021-02-23 21:35:38.363  INFO 83513 --- [main] o.s.b.w.embedded.tomcat.TomcatWebServer  : Tomcat initialized with port(s): 9085 (http)
2021-02-23 21:35:38.396  INFO 83513 --- [main] o.apache.catalina.core.StandardService   : Starting service [Tomcat]
2021-02-23 21:35:38.397  INFO 83513 --- [main] org.apache.catalina.core.StandardEngine  : Starting Servlet engine: [Apache Tomcat/9.0.43]
2021-02-23 21:35:38.609  INFO 83513 --- [main] o.a.c.c.C.[Tomcat].[localhost].[/]       : Initializing Spring embedded WebApplicationContext
2021-02-23 21:35:38.610  INFO 83513 --- [main] w.s.c.ServletWebServerApplicationContext : Root WebApplicationContext: initialization completed in 4868 ms
2021-02-23 21:35:39.929  INFO 83513 --- [main] o.s.s.concurrent.ThreadPoolTaskExecutor  : Initializing ExecutorService 'applicationTaskExecutor'
2021-02-23 21:35:40.231  WARN 83513 --- [main] ion$DefaultTemplateResolverConfiguration : Cannot find template location: classpath:/templates/ (please add some templates or check your Thymeleaf configuration)
2021-02-23 21:35:40.559  INFO 83513 --- [main] o.s.b.w.embedded.tomcat.TomcatWebServer  : Tomcat started on port(s): 9085 (http) with context path ''
2021-02-23 21:35:40.565  INFO 83513 --- [main] o.s.a.r.c.CachingConnectionFactory       : Attempting to connect to: [localhost:5672]
2021-02-23 21:35:40.654  INFO 83513 --- [main] o.s.a.r.c.CachingConnectionFactory       : Created new connection: rabbitConnectionFactory#6981f8f3:0/SimpleConnection@40247d48 [delegate=amqp://guest@127.0.0.1:5672/, localPort= 54248]
2021-02-23 21:35:40.806  INFO 83513 --- [main] c.c.calculator.CalculatorApplication     : Started CalculatorApplication in 10.305 seconds (JVM running for 14.757)
2021-02-23 21:35:49.181  INFO 83513 --- [org.springframework.amqp.rabbit.RabbitListenerEndpointContainer#0-1] c.c.c.r.ResultConsumer                   : Received response is: (Body:'"Response => date= Tue Feb 23 21:35:49 CAT 2021 headers[status:\"200\", identficador= \"00000177-d063-faac-0000-0177d063faac\"];payload=0.3333333333333333333333333333333333"' MessageProperties [headers={__TypeId__=java.lang.String}, contentType=application/json, contentEncoding=UTF-8, contentLength=0, receivedDeliveryMode=PERSISTENT, priority=0, redelivered=false, receivedExchange=calculator, receivedRoutingKey=wit, deliveryTag=1, consumerTag=amq.ctag-lo8wCJV3UqhXQNivVldNoQ, consumerQueue=operation])
2021-02-23 21:36:05.055  INFO 83513 --- [SpringContextShutdownHook] o.s.a.r.l.SimpleMessageListenerContainer : Waiting for workers to finish.
2021-02-23 21:36:05.233  INFO 83513 --- [SpringContextShutdownHook] o.s.a.r.l.SimpleMessageListenerContainer : Successfully waited for workers to finish.
2021-02-23 21:36:05.259  INFO 83513 --- [SpringContextShutdownHook] o.s.a.r.l.SimpleMessageListenerContainer : Shutdown ignored - container is not active already
2021-02-23 21:36:05.260  INFO 83513 --- [SpringContextShutdownHook] o.s.s.concurrent.ThreadPoolTaskExecutor  : Shutting down ExecutorService 'applicationTaskExecutor'
2021-02-23 21:36:18.754  INFO 83679 --- [main] c.c.calculator.CalculatorApplication     : Starting CalculatorApplication using Java 15.0.1 on Inercios-MacBook-Pro.local with PID 83679 (/Users/inerciobelton/IdeaProjects/Rest Calculator/calculator/out/production/classes started by inerciobelton in /Users/inerciobelton/IdeaProjects/Rest Calculator)
2021-02-23 21:36:18.770  INFO 83679 --- [main] c.c.calculator.CalculatorApplication     : No active profile set, falling back to default profiles: default
2021-02-23 21:36:24.005  INFO 83679 --- [main] o.s.b.w.embedded.tomcat.TomcatWebServer  : Tomcat initialized with port(s): 9085 (http)
2021-02-23 21:36:24.043  INFO 83679 --- [main] o.apache.catalina.core.StandardService   : Starting service [Tomcat]
2021-02-23 21:36:24.045  INFO 83679 --- [main] org.apache.catalina.core.StandardEngine  : Starting Servlet engine: [Apache Tomcat/9.0.43]
2021-02-23 21:36:24.269  INFO 83679 --- [main] o.a.c.c.C.[Tomcat].[localhost].[/]       : Initializing Spring embedded WebApplicationContext
2021-02-23 21:36:24.270  INFO 83679 --- [main] w.s.c.ServletWebServerApplicationContext : Root WebApplicationContext: initialization completed in 4987 ms
2021-02-23 21:36:26.208  INFO 83679 --- [main] o.s.s.concurrent.ThreadPoolTaskExecutor  : Initializing ExecutorService 'applicationTaskExecutor'
2021-02-23 21:36:26.750  WARN 83679 --- [main] ion$DefaultTemplateResolverConfiguration : Cannot find template location: classpath:/templates/ (please add some templates or check your Thymeleaf configuration)
2021-02-23 21:36:27.240  INFO 83679 --- [main] o.s.b.w.embedded.tomcat.TomcatWebServer  : Tomcat started on port(s): 9085 (http) with context path ''
2021-02-23 21:36:27.248  INFO 83679 --- [main] o.s.a.r.c.CachingConnectionFactory       : Attempting to connect to: [localhost:5672]
2021-02-23 21:36:27.366  INFO 83679 --- [main] o.s.a.r.c.CachingConnectionFactory       : Created new connection: rabbitConnectionFactory#26cb5207:0/SimpleConnection@558b4942 [delegate=amqp://guest@127.0.0.1:5672/, localPort= 54262]
2021-02-23 21:36:27.601  INFO 83679 --- [main] c.c.calculator.CalculatorApplication     : Started CalculatorApplication in 11.17 seconds (JVM running for 14.735)
2021-02-23 21:36:30.401  INFO 83679 --- [org.springframework.amqp.rabbit.RabbitListenerEndpointContainer#0-1] c.c.c.r.ResultConsumer                   : Received response is: (Body:'"Response => date= Tue Feb 23 21:36:30 CAT 2021 headers[status:\"200\", identficador= \"00000177-d064-9b75-0000-0177d0649b75\"];payload=Nao e' possivel efectuar uma divisao por zero(0) em R"' MessageProperties [headers={__TypeId__=java.lang.String}, contentType=application/json, contentEncoding=UTF-8, contentLength=0, receivedDeliveryMode=PERSISTENT, priority=0, redelivered=false, receivedExchange=calculator, receivedRoutingKey=wit, deliveryTag=1, consumerTag=amq.ctag-UTRe8mPfXusP0isX6Xe81w, consumerQueue=operation])
2021-02-23 21:36:40.127  INFO 83679 --- [SpringContextShutdownHook] o.s.a.r.l.SimpleMessageListenerContainer : Waiting for workers to finish.
2021-02-23 21:36:40.473  INFO 83679 --- [SpringContextShutdownHook] o.s.a.r.l.SimpleMessageListenerContainer : Successfully waited for workers to finish.
2021-02-23 21:36:40.560  INFO 83679 --- [SpringContextShutdownHook] o.s.a.r.l.SimpleMessageListenerContainer : Shutdown ignored - container is not active already
2021-02-23 21:36:40.562  INFO 83679 --- [SpringContextShutdownHook] o.s.s.concurrent.ThreadPoolTaskExecutor  : Shutting down ExecutorService 'applicationTaskExecutor'
2021-02-23 21:36:59.287  INFO 83825 --- [main] c.c.calculator.CalculatorApplication     : Starting CalculatorApplication using Java 15.0.1 on Inercios-MacBook-Pro.local with PID 83825 (/Users/inerciobelton/IdeaProjects/Rest Calculator/calculator/out/production/classes started by inerciobelton in /Users/inerciobelton/IdeaProjects/Rest Calculator)
2021-02-23 21:36:59.297  INFO 83825 --- [main] c.c.calculator.CalculatorApplication     : No active profile set, falling back to default profiles: default
2021-02-23 21:37:04.515  INFO 83825 --- [main] o.s.b.w.embedded.tomcat.TomcatWebServer  : Tomcat initialized with port(s): 9085 (http)
2021-02-23 21:37:04.538  INFO 83825 --- [main] o.apache.catalina.core.StandardService   : Starting service [Tomcat]
2021-02-23 21:37:04.539  INFO 83825 --- [main] org.apache.catalina.core.StandardEngine  : Starting Servlet engine: [Apache Tomcat/9.0.43]
2021-02-23 21:37:04.720  INFO 83825 --- [main] o.a.c.c.C.[Tomcat].[localhost].[/]       : Initializing Spring embedded WebApplicationContext
2021-02-23 21:37:04.721  INFO 83825 --- [main] w.s.c.ServletWebServerApplicationContext : Root WebApplicationContext: initialization completed in 5118 ms
2021-02-23 21:37:06.177  INFO 83825 --- [main] o.s.s.concurrent.ThreadPoolTaskExecutor  : Initializing ExecutorService 'applicationTaskExecutor'
2021-02-23 21:37:06.488  WARN 83825 --- [main] ion$DefaultTemplateResolverConfiguration : Cannot find template location: classpath:/templates/ (please add some templates or check your Thymeleaf configuration)
2021-02-23 21:37:06.796  INFO 83825 --- [main] o.s.b.w.embedded.tomcat.TomcatWebServer  : Tomcat started on port(s): 9085 (http) with context path ''
2021-02-23 21:37:06.810  INFO 83825 --- [main] o.s.a.r.c.CachingConnectionFactory       : Attempting to connect to: [localhost:5672]
2021-02-23 21:37:06.915  INFO 83825 --- [main] o.s.a.r.c.CachingConnectionFactory       : Created new connection: rabbitConnectionFactory#620c8641:0/SimpleConnection@3b55dd15 [delegate=amqp://guest@127.0.0.1:5672/, localPort= 54277]
2021-02-23 21:37:07.149  INFO 83825 --- [main] c.c.calculator.CalculatorApplication     : Started CalculatorApplication in 9.29 seconds (JVM running for 12.633)
2021-02-23 21:39:29.794  INFO 83825 --- [org.springframework.amqp.rabbit.RabbitListenerEndpointContainer#0-1] c.c.c.r.ResultConsumer                   : Received response is: (Body:'"Response => date= Tue Feb 23 21:39:29 CAT 2021 headers[status:\"200\", identficador= \"00000177-d067-586e-0000-0177d067586e\"];payload=5"' MessageProperties [headers={__TypeId__=java.lang.String}, contentType=application/json, contentEncoding=UTF-8, contentLength=0, receivedDeliveryMode=PERSISTENT, priority=0, redelivered=false, receivedExchange=calculator, receivedRoutingKey=wit, deliveryTag=1, consumerTag=amq.ctag-VZfX0HuxkHDsM_RQnoMZKw, consumerQueue=operation])
2021-02-23 21:39:32.115  INFO 83825 --- [org.springframework.amqp.rabbit.RabbitListenerEndpointContainer#0-1] c.c.c.r.ResultConsumer                   : Received response is: (Body:'"Response => date= Tue Feb 23 21:39:32 CAT 2021 headers[status:\"200\", identficador= \"00000177-d067-618d-0000-0177d067618d\"];payload=4"' MessageProperties [headers={__TypeId__=java.lang.String}, contentType=application/json, contentEncoding=UTF-8, contentLength=0, receivedDeliveryMode=PERSISTENT, priority=0, redelivered=false, receivedExchange=calculator, receivedRoutingKey=wit, deliveryTag=2, consumerTag=amq.ctag-VZfX0HuxkHDsM_RQnoMZKw, consumerQueue=operation])
2021-02-23 21:39:46.004  INFO 83825 --- [SpringContextShutdownHook] o.s.a.r.l.SimpleMessageListenerContainer : Waiting for workers to finish.
2021-02-23 21:39:46.171  INFO 83825 --- [SpringContextShutdownHook] o.s.a.r.l.SimpleMessageListenerContainer : Successfully waited for workers to finish.
2021-02-23 21:39:46.203  INFO 83825 --- [SpringContextShutdownHook] o.s.a.r.l.SimpleMessageListenerContainer : Shutdown ignored - container is not active already
2021-02-23 21:39:46.203  INFO 83825 --- [SpringContextShutdownHook] o.s.s.concurrent.ThreadPoolTaskExecutor  : Shutting down ExecutorService 'applicationTaskExecutor'
